<?xml version="1.0" encoding="UTF-8"?>
<testsuite name="com.test.auth.TestEmpAuth.integrationTesting.EmployeeServiceImplementationTest" tests="13" skipped="0" failures="0" errors="0" timestamp="2024-11-22T05:46:35" hostname="WFX-LAP-1062.local" time="2.797">
  <properties/>
  <testcase name="testDeleteEmployee()" classname="com.test.auth.TestEmpAuth.integrationTesting.EmployeeServiceImplementationTest" time="1.108"/>
  <testcase name="testGetAllEmployees_EmptyDatabase_ThrowsException()" classname="com.test.auth.TestEmpAuth.integrationTesting.EmployeeServiceImplementationTest" time="0.136"/>
  <testcase name="testAddNewEmployee_EmptyNameOfEmployee_ThrowsException()" classname="com.test.auth.TestEmpAuth.integrationTesting.EmployeeServiceImplementationTest" time="0.104"/>
  <testcase name="testDeleteEmployee_EmployeeIdNotPresent_ThrowsException()" classname="com.test.auth.TestEmpAuth.integrationTesting.EmployeeServiceImplementationTest" time="0.162"/>
  <testcase name="testAddNewEmployee_IdAbove999_ThrowsException()" classname="com.test.auth.TestEmpAuth.integrationTesting.EmployeeServiceImplementationTest" time="0.06"/>
  <testcase name="testAddNewEmployee_DuplicateEmployeeId_ThrowsException()" classname="com.test.auth.TestEmpAuth.integrationTesting.EmployeeServiceImplementationTest" time="0.199"/>
  <testcase name="testAddNewEmployee_InvalidName_ThrowsException()" classname="com.test.auth.TestEmpAuth.integrationTesting.EmployeeServiceImplementationTest" time="0.092"/>
  <testcase name="testGetAllEmployees()" classname="com.test.auth.TestEmpAuth.integrationTesting.EmployeeServiceImplementationTest" time="0.201"/>
  <testcase name="testAddNewEmployee_InvalidDepartment_ThrowsException()" classname="com.test.auth.TestEmpAuth.integrationTesting.EmployeeServiceImplementationTest" time="0.093"/>
  <testcase name="testAddNewEmployee_EmptyNameOfDepartment_ThrowsException()" classname="com.test.auth.TestEmpAuth.integrationTesting.EmployeeServiceImplementationTest" time="0.088"/>
  <testcase name="testAddNewEmployee()" classname="com.test.auth.TestEmpAuth.integrationTesting.EmployeeServiceImplementationTest" time="0.148"/>
  <testcase name="testUpdateExistingEmployee_EmployeeIdNotPresent_ThrowsException()" classname="com.test.auth.TestEmpAuth.integrationTesting.EmployeeServiceImplementationTest" time="0.171"/>
  <testcase name="testUpdateExistingEmployee()" classname="com.test.auth.TestEmpAuth.integrationTesting.EmployeeServiceImplementationTest" time="0.167"/>
  <system-out><![CDATA[11:16:27.485 [Test worker] DEBUG org.springframework.test.context.BootstrapUtils - Instantiating CacheAwareContextLoaderDelegate from class [org.springframework.test.context.cache.DefaultCacheAwareContextLoaderDelegate]
11:16:27.493 [Test worker] DEBUG org.springframework.test.context.BootstrapUtils - Instantiating BootstrapContext using constructor [public org.springframework.test.context.support.DefaultBootstrapContext(java.lang.Class,org.springframework.test.context.CacheAwareContextLoaderDelegate)]
11:16:27.541 [Test worker] DEBUG org.springframework.test.context.BootstrapUtils - Instantiating TestContextBootstrapper for test class [com.test.auth.TestEmpAuth.integrationTesting.EmployeeServiceImplementationTest] from class [org.springframework.boot.test.context.SpringBootTestContextBootstrapper]
11:16:27.566 [Test worker] INFO org.springframework.boot.test.context.SpringBootTestContextBootstrapper - Neither @ContextConfiguration nor @ContextHierarchy found for test class [com.test.auth.TestEmpAuth.integrationTesting.EmployeeServiceImplementationTest], using SpringBootContextLoader
11:16:27.570 [Test worker] DEBUG org.springframework.test.context.support.AbstractContextLoader - Did not detect default resource location for test class [com.test.auth.TestEmpAuth.integrationTesting.EmployeeServiceImplementationTest]: class path resource [com/test/auth/TestEmpAuth/integrationTesting/EmployeeServiceImplementationTest-context.xml] does not exist
11:16:27.570 [Test worker] DEBUG org.springframework.test.context.support.AbstractContextLoader - Did not detect default resource location for test class [com.test.auth.TestEmpAuth.integrationTesting.EmployeeServiceImplementationTest]: class path resource [com/test/auth/TestEmpAuth/integrationTesting/EmployeeServiceImplementationTestContext.groovy] does not exist
11:16:27.570 [Test worker] INFO org.springframework.test.context.support.AbstractContextLoader - Could not detect default resource locations for test class [com.test.auth.TestEmpAuth.integrationTesting.EmployeeServiceImplementationTest]: no resource found for suffixes {-context.xml, Context.groovy}.
11:16:27.571 [Test worker] INFO org.springframework.test.context.support.AnnotationConfigContextLoaderUtils - Could not detect default configuration classes for test class [com.test.auth.TestEmpAuth.integrationTesting.EmployeeServiceImplementationTest]: EmployeeServiceImplementationTest does not declare any static, non-private, non-final, nested classes annotated with @Configuration.
11:16:27.699 [Test worker] DEBUG org.springframework.test.context.support.ActiveProfilesUtils - Could not find an 'annotation declaring class' for annotation type [org.springframework.test.context.ActiveProfiles] and class [com.test.auth.TestEmpAuth.integrationTesting.EmployeeServiceImplementationTest]
11:16:27.795 [Test worker] DEBUG org.springframework.context.annotation.ClassPathScanningCandidateComponentProvider - Identified candidate component class: file [/Users/soumyam.sharan/Whatfix/UnitTesting/build/classes/java/main/com/test/auth/TestEmpAuth/TestEmpAuthApplication.class]
11:16:27.796 [Test worker] INFO org.springframework.boot.test.context.SpringBootTestContextBootstrapper - Found @SpringBootConfiguration com.test.auth.TestEmpAuth.TestEmpAuthApplication for test class com.test.auth.TestEmpAuth.integrationTesting.EmployeeServiceImplementationTest
11:16:27.892 [Test worker] DEBUG org.springframework.boot.test.context.SpringBootTestContextBootstrapper - @TestExecutionListeners is not present for class [com.test.auth.TestEmpAuth.integrationTesting.EmployeeServiceImplementationTest]: using defaults.
11:16:27.892 [Test worker] INFO org.springframework.boot.test.context.SpringBootTestContextBootstrapper - Loaded default TestExecutionListener class names from location [META-INF/spring.factories]: [org.springframework.security.test.context.support.WithSecurityContextTestExecutionListener, org.springframework.security.test.context.support.ReactorContextTestExecutionListener, org.springframework.boot.test.autoconfigure.restdocs.RestDocsTestExecutionListener, org.springframework.boot.test.autoconfigure.web.client.MockRestServiceServerResetTestExecutionListener, org.springframework.boot.test.autoconfigure.web.servlet.MockMvcPrintOnlyOnFailureTestExecutionListener, org.springframework.boot.test.autoconfigure.web.servlet.WebDriverTestExecutionListener, org.springframework.boot.test.autoconfigure.webservices.client.MockWebServiceServerTestExecutionListener, org.springframework.boot.test.mock.mockito.MockitoTestExecutionListener, org.springframework.boot.test.mock.mockito.ResetMocksTestExecutionListener, org.springframework.test.context.web.ServletTestExecutionListener, org.springframework.test.context.support.DirtiesContextBeforeModesTestExecutionListener, org.springframework.test.context.event.ApplicationEventsTestExecutionListener, org.springframework.test.context.support.DependencyInjectionTestExecutionListener, org.springframework.test.context.support.DirtiesContextTestExecutionListener, org.springframework.test.context.transaction.TransactionalTestExecutionListener, org.springframework.test.context.jdbc.SqlScriptsTestExecutionListener, org.springframework.test.context.event.EventPublishingTestExecutionListener]
11:16:27.912 [Test worker] INFO org.springframework.boot.test.context.SpringBootTestContextBootstrapper - Using TestExecutionListeners: [org.springframework.test.context.web.ServletTestExecutionListener@6fb365ed, org.springframework.test.context.support.DirtiesContextBeforeModesTestExecutionListener@6e950bcf, org.springframework.test.context.event.ApplicationEventsTestExecutionListener@16414e40, org.springframework.boot.test.mock.mockito.MockitoTestExecutionListener@74bada02, org.springframework.boot.test.autoconfigure.SpringBootDependencyInjectionTestExecutionListener@525575, org.springframework.test.context.support.DirtiesContextTestExecutionListener@46dffdc3, org.springframework.test.context.transaction.TransactionalTestExecutionListener@5a709816, org.springframework.test.context.jdbc.SqlScriptsTestExecutionListener@78383390, org.springframework.security.test.context.support.WithSecurityContextTestExecutionListener@6ad3381f, org.springframework.test.context.event.EventPublishingTestExecutionListener@53dbe163, org.springframework.security.test.context.support.ReactorContextTestExecutionListener@db57326, org.springframework.boot.test.autoconfigure.restdocs.RestDocsTestExecutionListener@34a875b3, org.springframework.boot.test.autoconfigure.web.client.MockRestServiceServerResetTestExecutionListener@4748a0f9, org.springframework.boot.test.autoconfigure.web.servlet.MockMvcPrintOnlyOnFailureTestExecutionListener@4b14918a, org.springframework.boot.test.autoconfigure.web.servlet.WebDriverTestExecutionListener@6d1ef78d, org.springframework.boot.test.autoconfigure.webservices.client.MockWebServiceServerTestExecutionListener@1a6c1270, org.springframework.boot.test.mock.mockito.ResetMocksTestExecutionListener@18a136ac]
11:16:27.915 [Test worker] DEBUG org.springframework.test.context.support.AbstractDirtiesContextTestExecutionListener - Before test class: context [DefaultTestContext@38831718 testClass = EmployeeServiceImplementationTest, testInstance = [null], testMethod = [null], testException = [null], mergedContextConfiguration = [WebMergedContextConfiguration@2c1156a7 testClass = EmployeeServiceImplementationTest, locations = '{}', classes = '{class com.test.auth.TestEmpAuth.TestEmpAuthApplication}', contextInitializerClasses = '[]', activeProfiles = '{}', propertySourceLocations = '{}', propertySourceProperties = '{org.springframework.boot.test.context.SpringBootTestContextBootstrapper=true}', contextCustomizers = set[org.springframework.boot.test.autoconfigure.actuate.metrics.MetricsExportContextCustomizerFactory$DisableMetricExportContextCustomizer@1a4927d6, org.springframework.boot.test.autoconfigure.properties.PropertyMappingContextCustomizer@0, org.springframework.boot.test.autoconfigure.web.servlet.WebDriverContextCustomizerFactory$Customizer@387a8303, org.springframework.boot.test.context.filter.ExcludeFilterContextCustomizer@57db2b13, org.springframework.boot.test.json.DuplicateJsonObjectContextCustomizerFactory$DuplicateJsonObjectContextCustomizer@71687585, org.springframework.boot.test.mock.mockito.MockitoContextCustomizer@0, org.springframework.boot.test.web.client.TestRestTemplateContextCustomizer@41330d4f, org.springframework.boot.test.context.SpringBootTestArgs@1, org.springframework.boot.test.context.SpringBootTestWebEnvironment@3e92efc3], resourceBasePath = 'src/main/webapp', contextLoader = 'org.springframework.boot.test.context.SpringBootContextLoader', parent = [null]], attributes = map['org.springframework.test.context.web.ServletTestExecutionListener.activateListener' -> false]], class annotated with @DirtiesContext [false] with mode [null].
11:16:28.226 [Test worker] DEBUG org.springframework.test.context.support.DependencyInjectionTestExecutionListener - Performing dependency injection for test context [[DefaultTestContext@38831718 testClass = EmployeeServiceImplementationTest, testInstance = com.test.auth.TestEmpAuth.integrationTesting.EmployeeServiceImplementationTest@1ce61929, testMethod = [null], testException = [null], mergedContextConfiguration = [WebMergedContextConfiguration@2c1156a7 testClass = EmployeeServiceImplementationTest, locations = '{}', classes = '{class com.test.auth.TestEmpAuth.TestEmpAuthApplication}', contextInitializerClasses = '[]', activeProfiles = '{}', propertySourceLocations = '{}', propertySourceProperties = '{org.springframework.boot.test.context.SpringBootTestContextBootstrapper=true}', contextCustomizers = set[org.springframework.boot.test.autoconfigure.actuate.metrics.MetricsExportContextCustomizerFactory$DisableMetricExportContextCustomizer@1a4927d6, org.springframework.boot.test.autoconfigure.properties.PropertyMappingContextCustomizer@0, org.springframework.boot.test.autoconfigure.web.servlet.WebDriverContextCustomizerFactory$Customizer@387a8303, org.springframework.boot.test.context.filter.ExcludeFilterContextCustomizer@57db2b13, org.springframework.boot.test.json.DuplicateJsonObjectContextCustomizerFactory$DuplicateJsonObjectContextCustomizer@71687585, org.springframework.boot.test.mock.mockito.MockitoContextCustomizer@0, org.springframework.boot.test.web.client.TestRestTemplateContextCustomizer@41330d4f, org.springframework.boot.test.context.SpringBootTestArgs@1, org.springframework.boot.test.context.SpringBootTestWebEnvironment@3e92efc3], resourceBasePath = 'src/main/webapp', contextLoader = 'org.springframework.boot.test.context.SpringBootContextLoader', parent = [null]], attributes = map['org.springframework.test.context.web.ServletTestExecutionListener.activateListener' -> false, 'org.springframework.test.context.event.ApplicationEventsTestExecutionListener.recordApplicationEvents' -> false]]].

  .   ____          _            __ _ _
 /\\ / ___'_ __ _ _(_)_ __  __ _ \ \ \ \
( ( )\___ | '_ | '_| | '_ \/ _` | \ \ \ \
 \\/  ___)| |_)| | | | | || (_| |  ) ) ) )
  '  |____| .__|_| |_|_| |_\__, | / / / /
 =========|_|==============|___/=/_/_/_/
 :: Spring Boot ::               (v2.7.18)

2024-11-22 11:16:28.648  INFO 57017 --- [    Test worker] .a.T.i.EmployeeServiceImplementationTest : Starting EmployeeServiceImplementationTest using Java 1.8.0_333 on WFX-LAP-1062.local with PID 57017 (started by soumyam.sharan in /Users/soumyam.sharan/Whatfix/UnitTesting)
2024-11-22 11:16:28.649  INFO 57017 --- [    Test worker] .a.T.i.EmployeeServiceImplementationTest : No active profile set, falling back to 1 default profile: "default"
2024-11-22 11:16:29.886  INFO 57017 --- [    Test worker] .s.d.r.c.RepositoryConfigurationDelegate : Multiple Spring Data modules found, entering strict repository configuration mode
2024-11-22 11:16:29.889  INFO 57017 --- [    Test worker] .s.d.r.c.RepositoryConfigurationDelegate : Bootstrapping Spring Data Reactive Cassandra repositories in DEFAULT mode.
2024-11-22 11:16:29.945  INFO 57017 --- [    Test worker] .s.d.r.c.RepositoryConfigurationDelegate : Finished Spring Data repository scanning in 51 ms. Found 0 Reactive Cassandra repository interfaces.
2024-11-22 11:16:29.963  INFO 57017 --- [    Test worker] .s.d.r.c.RepositoryConfigurationDelegate : Multiple Spring Data modules found, entering strict repository configuration mode
2024-11-22 11:16:29.963  INFO 57017 --- [    Test worker] .s.d.r.c.RepositoryConfigurationDelegate : Bootstrapping Spring Data Cassandra repositories in DEFAULT mode.
2024-11-22 11:16:30.016  INFO 57017 --- [    Test worker] .s.d.r.c.RepositoryConfigurationDelegate : Finished Spring Data repository scanning in 52 ms. Found 1 Cassandra repository interfaces.
2024-11-22 11:16:31.069  INFO 57017 --- [    Test worker] o.s.b.w.embedded.tomcat.TomcatWebServer  : Tomcat initialized with port(s): 8080 (http)
2024-11-22 11:16:31.085  INFO 57017 --- [    Test worker] o.apache.catalina.core.StandardService   : Starting service [Tomcat]
2024-11-22 11:16:31.085  INFO 57017 --- [    Test worker] org.apache.catalina.core.StandardEngine  : Starting Servlet engine: [Apache Tomcat/9.0.83]
2024-11-22 11:16:31.309  INFO 57017 --- [    Test worker] o.a.c.c.C.[Tomcat].[localhost].[/]       : Initializing Spring embedded WebApplicationContext
2024-11-22 11:16:31.310  INFO 57017 --- [    Test worker] w.s.c.ServletWebServerApplicationContext : Root WebApplicationContext: initialization completed in 2626 ms
2024-11-22 11:16:31.802  INFO 57017 --- [    Test worker] c.d.o.d.internal.core.ContactPoints      : Contact point localhost:9042 resolves to multiple addresses, will use them all ([localhost/127.0.0.1, localhost/0:0:0:0:0:0:0:1])
2024-11-22 11:16:31.965  INFO 57017 --- [    Test worker] c.d.o.d.i.core.DefaultMavenCoordinates   : DataStax Java driver for Apache Cassandra(R) (com.datastax.oss:java-driver-core) version 4.14.1
2024-11-22 11:16:32.978  INFO 57017 --- [     s0-admin-0] c.d.oss.driver.internal.core.time.Clock  : Using native clock for microsecond precision
2024-11-22 11:16:33.504  WARN 57017 --- [     s0-admin-0] c.d.o.d.i.c.l.h.OptionalLocalDcHelper    : [s0|default] You specified datacenter1 as the local DC, but some contact points are from a different DC: Node(endPoint=localhost/0:0:0:0:0:0:0:1:9042, hostId=null, hashCode=1a78778)=null; please provide the correct local DC, or check your contact points
2024-11-22 11:16:35.293  INFO 57017 --- [    Test worker] o.s.b.w.embedded.tomcat.TomcatWebServer  : Tomcat started on port(s): 8080 (http) with context path ''
2024-11-22 11:16:35.432  INFO 57017 --- [    Test worker] .a.T.i.EmployeeServiceImplementationTest : Started EmployeeServiceImplementationTest in 7.172 seconds (JVM running for 9.566)
2024-11-22 11:16:35.976  INFO 57017 --- [nio-8080-exec-1] o.a.c.c.C.[Tomcat].[localhost].[/]       : Initializing Spring DispatcherServlet 'dispatcherServlet'
2024-11-22 11:16:35.980  INFO 57017 --- [nio-8080-exec-1] o.s.web.servlet.DispatcherServlet        : Initializing Servlet 'dispatcherServlet'
2024-11-22 11:16:35.985  INFO 57017 --- [nio-8080-exec-1] o.s.web.servlet.DispatcherServlet        : Completed initialization in 5 ms
2024-11-22 11:16:36.941  WARN 57017 --- [nio-8080-exec-7] o.s.web.servlet.PageNotFound             : No mapping for DELETE /api/admin/employee102
2024-11-22 11:16:38.017  WARN 57017 --- [nio-8080-exec-9] o.s.web.servlet.PageNotFound             : No mapping for PUT /api/admin/employee/69
]]></system-out>
  <system-err><![CDATA[]]></system-err>
</testsuite>
